Generated at 2017-10-20 16:10:12 +0300
Net::HTTPFatalError: 500 "Internal Server Error"
/opt/chefdk/embedded/lib/ruby/2.4.0/net/http/response.rb:122:in `error!'
/opt/chefdk/embedded/lib/ruby/gems/2.4.0/gems/chef-13.4.19/lib/chef/http.rb:152:in `request'
/opt/chefdk/embedded/lib/ruby/gems/2.4.0/gems/chef-13.4.19/lib/chef/http.rb:131:in `post'
/opt/chefdk/embedded/lib/ruby/gems/2.4.0/gems/chef-13.4.19/lib/chef/node.rb:610:in `create'
/opt/chefdk/embedded/lib/ruby/gems/2.4.0/gems/chef-13.4.19/lib/chef/node.rb:568:in `rescue in find_or_create'
/opt/chefdk/embedded/lib/ruby/gems/2.4.0/gems/chef-13.4.19/lib/chef/node.rb:564:in `find_or_create'
/opt/chefdk/embedded/lib/ruby/gems/2.4.0/gems/chef-13.4.19/lib/chef/policy_builder/dynamic.rb:72:in `load_node'
/opt/chefdk/embedded/lib/ruby/gems/2.4.0/gems/chef-13.4.19/lib/chef/client.rb:470:in `load_node'
/opt/chefdk/embedded/lib/ruby/gems/2.4.0/gems/chef-13.4.19/lib/chef/client.rb:270:in `run'
/opt/chefdk/embedded/lib/ruby/gems/2.4.0/gems/chef-13.4.19/lib/chef/application.rb:291:in `block in fork_chef_client'
/opt/chefdk/embedded/lib/ruby/gems/2.4.0/gems/chef-13.4.19/lib/chef/application.rb:279:in `fork'
/opt/chefdk/embedded/lib/ruby/gems/2.4.0/gems/chef-13.4.19/lib/chef/application.rb:279:in `fork_chef_client'
/opt/chefdk/embedded/lib/ruby/gems/2.4.0/gems/chef-13.4.19/lib/chef/application.rb:244:in `block in run_chef_client'
/opt/chefdk/embedded/lib/ruby/gems/2.4.0/gems/chef-13.4.19/lib/chef/local_mode.rb:44:in `with_server_connectivity'
/opt/chefdk/embedded/lib/ruby/gems/2.4.0/gems/chef-13.4.19/lib/chef/application.rb:232:in `run_chef_client'
/opt/chefdk/embedded/lib/ruby/gems/2.4.0/gems/chef-13.4.19/lib/chef/application/client.rb:469:in `sleep_then_run_chef_client'
/opt/chefdk/embedded/lib/ruby/gems/2.4.0/gems/chef-13.4.19/lib/chef/application/client.rb:458:in `block in interval_run_chef_client'
/opt/chefdk/embedded/lib/ruby/gems/2.4.0/gems/chef-13.4.19/lib/chef/application/client.rb:457:in `loop'
/opt/chefdk/embedded/lib/ruby/gems/2.4.0/gems/chef-13.4.19/lib/chef/application/client.rb:457:in `interval_run_chef_client'
/opt/chefdk/embedded/lib/ruby/gems/2.4.0/gems/chef-13.4.19/lib/chef/application/client.rb:441:in `run_application'
/opt/chefdk/embedded/lib/ruby/gems/2.4.0/gems/chef-13.4.19/lib/chef/application.rb:59:in `run'
/opt/chefdk/embedded/lib/ruby/gems/2.4.0/gems/chef-13.4.19/lib/chef/application/solo.rb:225:in `run'
/opt/chefdk/embedded/lib/ruby/gems/2.4.0/gems/chef-13.4.19/bin/chef-solo:25:in `<top (required)>'
/bin/chef-solo:267:in `load'
/bin/chef-solo:267:in `<main>'

>>>> Caused by Net::HTTPServerException: 404 "Not Found"
/opt/chefdk/embedded/lib/ruby/2.4.0/net/http/response.rb:122:in `error!'
/opt/chefdk/embedded/lib/ruby/gems/2.4.0/gems/chef-13.4.19/lib/chef/http.rb:152:in `request'
/opt/chefdk/embedded/lib/ruby/gems/2.4.0/gems/chef-13.4.19/lib/chef/http.rb:115:in `get'
/opt/chefdk/embedded/lib/ruby/gems/2.4.0/gems/chef-13.4.19/lib/chef/node.rb:580:in `load'
/opt/chefdk/embedded/lib/ruby/gems/2.4.0/gems/chef-13.4.19/lib/chef/node.rb:564:in `find_or_create'
/opt/chefdk/embedded/lib/ruby/gems/2.4.0/gems/chef-13.4.19/lib/chef/policy_builder/dynamic.rb:72:in `load_node'
/opt/chefdk/embedded/lib/ruby/gems/2.4.0/gems/chef-13.4.19/lib/chef/client.rb:470:in `load_node'
/opt/chefdk/embedded/lib/ruby/gems/2.4.0/gems/chef-13.4.19/lib/chef/client.rb:270:in `run'
/opt/chefdk/embedded/lib/ruby/gems/2.4.0/gems/chef-13.4.19/lib/chef/application.rb:291:in `block in fork_chef_client'
/opt/chefdk/embedded/lib/ruby/gems/2.4.0/gems/chef-13.4.19/lib/chef/application.rb:279:in `fork'
/opt/chefdk/embedded/lib/ruby/gems/2.4.0/gems/chef-13.4.19/lib/chef/application.rb:279:in `fork_chef_client'
/opt/chefdk/embedded/lib/ruby/gems/2.4.0/gems/chef-13.4.19/lib/chef/application.rb:244:in `block in run_chef_client'
/opt/chefdk/embedded/lib/ruby/gems/2.4.0/gems/chef-13.4.19/lib/chef/local_mode.rb:44:in `with_server_connectivity'
/opt/chefdk/embedded/lib/ruby/gems/2.4.0/gems/chef-13.4.19/lib/chef/application.rb:232:in `run_chef_client'
/opt/chefdk/embedded/lib/ruby/gems/2.4.0/gems/chef-13.4.19/lib/chef/application/client.rb:469:in `sleep_then_run_chef_client'
/opt/chefdk/embedded/lib/ruby/gems/2.4.0/gems/chef-13.4.19/lib/chef/application/client.rb:458:in `block in interval_run_chef_client'
/opt/chefdk/embedded/lib/ruby/gems/2.4.0/gems/chef-13.4.19/lib/chef/application/client.rb:457:in `loop'
/opt/chefdk/embedded/lib/ruby/gems/2.4.0/gems/chef-13.4.19/lib/chef/application/client.rb:457:in `interval_run_chef_client'
/opt/chefdk/embedded/lib/ruby/gems/2.4.0/gems/chef-13.4.19/lib/chef/application/client.rb:441:in `run_application'
/opt/chefdk/embedded/lib/ruby/gems/2.4.0/gems/chef-13.4.19/lib/chef/application.rb:59:in `run'
/opt/chefdk/embedded/lib/ruby/gems/2.4.0/gems/chef-13.4.19/lib/chef/application/solo.rb:225:in `run'
/opt/chefdk/embedded/lib/ruby/gems/2.4.0/gems/chef-13.4.19/bin/chef-solo:25:in `<top (required)>'
/bin/chef-solo:267:in `load'
/bin/chef-solo:267:in `<main>'